This is pdfTeX, Version 3.14159265-2.6-1.40.20 (MiKTeX 2.9.7140 64-bit) (preloaded format=pdflatex 2019.6.11)  25 FEB 2020 17:12
entering extended mode
**C:/Users/lands101/AppData/Local/Temp/RtmpO6Lh6N/Rd2pdf2550c926d0a/Rd2.tex
(C:/Users/lands101/AppData/Local/Temp/RtmpO6Lh6N/Rd2pdf2550c926d0a/Rd2.tex
LaTeX2e <2018-12-01>

(C:\Users\lands101\AppData\Local\Programs\MiKTeX_2.9\tex/latex/base\book.cls
Document Class: book 2018/09/03 v1.4i Standard LaTeX document class
(C:\Users\lands101\AppData\Local\Programs\MiKTeX_2.9\tex/latex/base\bk10.clo
File: bk10.clo 2018/09/03 v1.4i Standard LaTeX file (size option)
)
\c@part=\count80
\c@chapter=\count81
\c@section=\count82
\c@subsection=\count83
\c@subsubsection=\count84
\c@paragraph=\count85
\c@subparagraph=\count86
\c@figure=\count87
\c@table=\count88
\abovecaptionskip=\skip41
\belowcaptionskip=\skip42
\bibindent=\dimen102
)
(C:/PROGRA~1/R/R-36~1.2/share/texmf/tex/latex\Rd.sty
Package: Rd 

(C:\Users\lands101\AppData\Local\Programs\MiKTeX_2.9\tex/latex/base\ifthen.sty
Package: ifthen 2014/09/29 v1.1c Standard LaTeX ifthen package (DPC)
)
(C:\Users\lands101\AppData\Local\Programs\MiKTeX_2.9\tex/latex/tools\longtable.
sty
Package: longtable 2014/10/28 v4.11 Multi-page Table package (DPC)+ FMi change
\LTleft=\skip43
\LTright=\skip44
\LTpre=\skip45
\LTpost=\skip46
\LTchunksize=\count89
\LTcapwidth=\dimen103
\LT@head=\box27
\LT@firsthead=\box28
\LT@foot=\box29
\LT@lastfoot=\box30
\LT@cols=\count90
\LT@rows=\count91
\c@LT@tables=\count92
\c@LT@chunks=\count93
\LT@p@ftn=\toks14
)
(C:\Users\lands101\AppData\Local\Programs\MiKTeX_2.9\tex/latex/tools\bm.sty
Package: bm 2017/01/16 v1.2c Bold Symbol Support (DPC/FMi)
\symboldoperators=\mathgroup4
\symboldletters=\mathgroup5
\symboldsymbols=\mathgroup6
LaTeX Font Info:    Redeclaring math alphabet \mathbf on input line 141.
LaTeX Info: Redefining \bm on input line 207.
)
(C:\Users\lands101\AppData\Local\Programs\MiKTeX_2.9\tex/latex/base\alltt.sty
Package: alltt 1997/06/16 v2.0g defines alltt environment
)
(C:\Users\lands101\AppData\Local\Programs\MiKTeX_2.9\tex/latex/tools\verbatim.s
ty
Package: verbatim 2014/10/28 v1.5q LaTeX2e package for verbatim enhancements
\every@verbatim=\toks15
\verbatim@line=\toks16
\verbatim@in@stream=\read1
) (C:\Users\lands101\AppData\Local\Programs\MiKTeX_2.9\tex/latex/url\url.sty
\Urlmuskip=\muskip10
Package: url 2013/09/16  ver 3.4  Verb mode for urls, etc.
)
(C:\Users\lands101\AppData\Local\Programs\MiKTeX_2.9\tex/latex/base\textcomp.st
y
Package: textcomp 2018/08/11 v2.0j Standard LaTeX package
Package textcomp Info: Sub-encoding information:
(textcomp)               5 = only ISO-Adobe without \textcurrency
(textcomp)               4 = 5 + \texteuro
(textcomp)               3 = 4 + \textohm
(textcomp)               2 = 3 + \textestimated + \textcurrency
(textcomp)               1 = TS1 - \textcircled - \t
(textcomp)               0 = TS1 (full)
(textcomp)             Font families with sub-encoding setting implement
(textcomp)             only a restricted character set as indicated.
(textcomp)             Family '?' is the default used for unknown fonts.
(textcomp)             See the documentation for details.
Package textcomp Info: Setting ? sub-encoding to TS1/1 on input line 79.

(C:\Users\lands101\AppData\Local\Programs\MiKTeX_2.9\tex/latex/base\ts1enc.def
File: ts1enc.def 2001/06/05 v3.0e (jk/car/fm) Standard LaTeX file
Now handling font encoding TS1 ...
... processing UTF-8 mapping file for font encoding TS1

(C:\Users\lands101\AppData\Local\Programs\MiKTeX_2.9\tex/latex/base\ts1enc.dfu
File: ts1enc.dfu 2018/10/05 v1.2f UTF-8 support for inputenc
   defining Unicode char U+00A2 (decimal 162)
   defining Unicode char U+00A3 (decimal 163)
   defining Unicode char U+00A4 (decimal 164)
   defining Unicode char U+00A5 (decimal 165)
   defining Unicode char U+00A6 (decimal 166)
   defining Unicode char U+00A7 (decimal 167)
   defining Unicode char U+00A8 (decimal 168)
   defining Unicode char U+00A9 (decimal 169)
   defining Unicode char U+00AA (decimal 170)
   defining Unicode char U+00AC (decimal 172)
   defining Unicode char U+00AE (decimal 174)
   defining Unicode char U+00AF (decimal 175)
   defining Unicode char U+00B0 (decimal 176)
   defining Unicode char U+00B1 (decimal 177)
   defining Unicode char U+00B2 (decimal 178)
   defining Unicode char U+00B3 (decimal 179)
   defining Unicode char U+00B4 (decimal 180)
   defining Unicode char U+00B5 (decimal 181)
   defining Unicode char U+00B6 (decimal 182)
   defining Unicode char U+00B7 (decimal 183)
   defining Unicode char U+00B9 (decimal 185)
   defining Unicode char U+00BA (decimal 186)
   defining Unicode char U+00BC (decimal 188)
   defining Unicode char U+00BD (decimal 189)
   defining Unicode char U+00BE (decimal 190)
   defining Unicode char U+00D7 (decimal 215)
   defining Unicode char U+00F7 (decimal 247)
   defining Unicode char U+0192 (decimal 402)
   defining Unicode char U+02C7 (decimal 711)
   defining Unicode char U+02D8 (decimal 728)
   defining Unicode char U+02DD (decimal 733)
   defining Unicode char U+0E3F (decimal 3647)
   defining Unicode char U+2016 (decimal 8214)
   defining Unicode char U+2020 (decimal 8224)
   defining Unicode char U+2021 (decimal 8225)
   defining Unicode char U+2022 (decimal 8226)
   defining Unicode char U+2030 (decimal 8240)
   defining Unicode char U+2031 (decimal 8241)
   defining Unicode char U+203B (decimal 8251)
   defining Unicode char U+203D (decimal 8253)
   defining Unicode char U+2044 (decimal 8260)
   defining Unicode char U+204E (decimal 8270)
   defining Unicode char U+2052 (decimal 8274)
   defining Unicode char U+20A1 (decimal 8353)
   defining Unicode char U+20A4 (decimal 8356)
   defining Unicode char U+20A6 (decimal 8358)
   defining Unicode char U+20A9 (decimal 8361)
   defining Unicode char U+20AB (decimal 8363)
   defining Unicode char U+20AC (decimal 8364)
   defining Unicode char U+20B1 (decimal 8369)
   defining Unicode char U+2103 (decimal 8451)
   defining Unicode char U+2116 (decimal 8470)
   defining Unicode char U+2117 (decimal 8471)
   defining Unicode char U+211E (decimal 8478)
   defining Unicode char U+2120 (decimal 8480)
   defining Unicode char U+2122 (decimal 8482)
   defining Unicode char U+2126 (decimal 8486)
   defining Unicode char U+2127 (decimal 8487)
   defining Unicode char U+212E (decimal 8494)
   defining Unicode char U+2190 (decimal 8592)
   defining Unicode char U+2191 (decimal 8593)
   defining Unicode char U+2192 (decimal 8594)
   defining Unicode char U+2193 (decimal 8595)
   defining Unicode char U+2329 (decimal 9001)
   defining Unicode char U+232A (decimal 9002)
   defining Unicode char U+2422 (decimal 9250)
   defining Unicode char U+25E6 (decimal 9702)
   defining Unicode char U+25EF (decimal 9711)
   defining Unicode char U+266A (decimal 9834)
   defining Unicode char U+FEFF (decimal 65279)
))
LaTeX Info: Redefining \oldstylenums on input line 334.
Package textcomp Info: Setting cmr sub-encoding to TS1/0 on input line 349.
Package textcomp Info: Setting cmss sub-encoding to TS1/0 on input line 350.
Package textcomp Info: Setting cmtt sub-encoding to TS1/0 on input line 351.
Package textcomp Info: Setting cmvtt sub-encoding to TS1/0 on input line 352.
Package textcomp Info: Setting cmbr sub-encoding to TS1/0 on input line 353.
Package textcomp Info: Setting cmtl sub-encoding to TS1/0 on input line 354.
Package textcomp Info: Setting ccr sub-encoding to TS1/0 on input line 355.
Package textcomp Info: Setting ptm sub-encoding to TS1/4 on input line 356.
Package textcomp Info: Setting pcr sub-encoding to TS1/4 on input line 357.
Package textcomp Info: Setting phv sub-encoding to TS1/4 on input line 358.
Package textcomp Info: Setting ppl sub-encoding to TS1/3 on input line 359.
Package textcomp Info: Setting pag sub-encoding to TS1/4 on input line 360.
Package textcomp Info: Setting pbk sub-encoding to TS1/4 on input line 361.
Package textcomp Info: Setting pnc sub-encoding to TS1/4 on input line 362.
Package textcomp Info: Setting pzc sub-encoding to TS1/4 on input line 363.
Package textcomp Info: Setting bch sub-encoding to TS1/4 on input line 364.
Package textcomp Info: Setting put sub-encoding to TS1/5 on input line 365.
Package textcomp Info: Setting uag sub-encoding to TS1/5 on input line 366.
Package textcomp Info: Setting ugq sub-encoding to TS1/5 on input line 367.
Package textcomp Info: Setting ul8 sub-encoding to TS1/4 on input line 368.
Package textcomp Info: Setting ul9 sub-encoding to TS1/4 on input line 369.
Package textcomp Info: Setting augie sub-encoding to TS1/5 on input line 370.
Package textcomp Info: Setting dayrom sub-encoding to TS1/3 on input line 371.
Package textcomp Info: Setting dayroms sub-encoding to TS1/3 on input line 372.

Package textcomp Info: Setting pxr sub-encoding to TS1/0 on input line 373.
Package textcomp Info: Setting pxss sub-encoding to TS1/0 on input line 374.
Package textcomp Info: Setting pxtt sub-encoding to TS1/0 on input line 375.
Package textcomp Info: Setting txr sub-encoding to TS1/0 on input line 376.
Package textcomp Info: Setting txss sub-encoding to TS1/0 on input line 377.
Package textcomp Info: Setting txtt sub-encoding to TS1/0 on input line 378.
Package textcomp Info: Setting lmr sub-encoding to TS1/0 on input line 379.
Package textcomp Info: Setting lmdh sub-encoding to TS1/0 on input line 380.
Package textcomp Info: Setting lmss sub-encoding to TS1/0 on input line 381.
Package textcomp Info: Setting lmssq sub-encoding to TS1/0 on input line 382.
Package textcomp Info: Setting lmvtt sub-encoding to TS1/0 on input line 383.
Package textcomp Info: Setting lmtt sub-encoding to TS1/0 on input line 384.
Package textcomp Info: Setting qhv sub-encoding to TS1/0 on input line 385.
Package textcomp Info: Setting qag sub-encoding to TS1/0 on input line 386.
Package textcomp Info: Setting qbk sub-encoding to TS1/0 on input line 387.
Package textcomp Info: Setting qcr sub-encoding to TS1/0 on input line 388.
Package textcomp Info: Setting qcs sub-encoding to TS1/0 on input line 389.
Package textcomp Info: Setting qpl sub-encoding to TS1/0 on input line 390.
Package textcomp Info: Setting qtm sub-encoding to TS1/0 on input line 391.
Package textcomp Info: Setting qzc sub-encoding to TS1/0 on input line 392.
Package textcomp Info: Setting qhvc sub-encoding to TS1/0 on input line 393.
Package textcomp Info: Setting futs sub-encoding to TS1/4 on input line 394.
Package textcomp Info: Setting futx sub-encoding to TS1/4 on input line 395.
Package textcomp Info: Setting futj sub-encoding to TS1/4 on input line 396.
Package textcomp Info: Setting hlh sub-encoding to TS1/3 on input line 397.
Package textcomp Info: Setting hls sub-encoding to TS1/3 on input line 398.
Package textcomp Info: Setting hlst sub-encoding to TS1/3 on input line 399.
Package textcomp Info: Setting hlct sub-encoding to TS1/5 on input line 400.
Package textcomp Info: Setting hlx sub-encoding to TS1/5 on input line 401.
Package textcomp Info: Setting hlce sub-encoding to TS1/5 on input line 402.
Package textcomp Info: Setting hlcn sub-encoding to TS1/5 on input line 403.
Package textcomp Info: Setting hlcw sub-encoding to TS1/5 on input line 404.
Package textcomp Info: Setting hlcf sub-encoding to TS1/5 on input line 405.
Package textcomp Info: Setting pplx sub-encoding to TS1/3 on input line 406.
Package textcomp Info: Setting pplj sub-encoding to TS1/3 on input line 407.
Package textcomp Info: Setting ptmx sub-encoding to TS1/4 on input line 408.
Package textcomp Info: Setting ptmj sub-encoding to TS1/4 on input line 409.
)
\ldescriptionwidth=\skip47

(C:\Users\lands101\AppData\Local\Programs\MiKTeX_2.9\tex/latex/base\fontenc.sty
Package: fontenc 2018/08/11 v2.0j Standard LaTeX package
(C:\Users\lands101\AppData\Local\Programs\MiKTeX_2.9\tex/latex/base\t1enc.def
File: t1enc.def 2018/08/11 v2.0j Standard LaTeX file
LaTeX Font Info:    Redeclaring font encoding T1 on input line 48.
))
(C:\Users\lands101\AppData\Local\Programs\MiKTeX_2.9\tex/latex/psnfss\times.sty
Package: times 2005/04/12 PSNFSS-v9.2a (SPQR) 
)
(C:\Users\lands101\AppData\Local\Programs\MiKTeX_2.9\tex/latex/inconsolata\zi4.
sty
Package: zi4 2019/05/17 v1.12
 `inconsolata-zi4' v1.12, 2019/05/17 Text macros for Inconsolata (msharpe)
(C:\Users\lands101\AppData\Local\Programs\MiKTeX_2.9\tex/latex/xkeyval\xkeyval.
sty
Package: xkeyval 2014/12/03 v2.7a package option processing (HA)

(C:\Users\lands101\AppData\Local\Programs\MiKTeX_2.9\tex/generic/xkeyval\xkeyva
l.tex
(C:\Users\lands101\AppData\Local\Programs\MiKTeX_2.9\tex/generic/xkeyval\xkvuti
ls.tex
\XKV@toks=\toks17
\XKV@tempa@toks=\toks18

(C:\Users\lands101\AppData\Local\Programs\MiKTeX_2.9\tex/generic/xkeyval\keyval
.tex))
\XKV@depth=\count94
File: xkeyval.tex 2014/12/03 v2.7a key=value parser (HA)
))
\zifour@ocount=\count95
)
(C:\Users\lands101\AppData\Local\Programs\MiKTeX_2.9\tex/latex/graphics\color.s
ty
Package: color 2016/07/10 v1.1e Standard LaTeX Color (DPC)

(C:\Users\lands101\AppData\Local\Programs\MiKTeX_2.9\tex/latex/graphics-cfg\col
or.cfg
File: color.cfg 2016/01/02 v1.6 sample color configuration
)
Package color Info: Driver file: pdftex.def on input line 147.

(C:\Users\lands101\AppData\Local\Programs\MiKTeX_2.9\tex/latex/graphics-def\pdf
tex.def
File: pdftex.def 2018/01/08 v1.0l Graphics/color driver for pdftex
))
(C:\Users\lands101\AppData\Local\Programs\MiKTeX_2.9\tex/latex/hyperref\hyperre
f.sty
Package: hyperref 2019/06/12 v6.88h Hypertext links for LaTeX

(C:\Users\lands101\AppData\Local\Programs\MiKTeX_2.9\tex/generic/oberdiek\hobsu
b-hyperref.sty
Package: hobsub-hyperref 2016/05/16 v1.14 Bundle oberdiek, subset hyperref (HO)


(C:\Users\lands101\AppData\Local\Programs\MiKTeX_2.9\tex/generic/oberdiek\hobsu
b-generic.sty
Package: hobsub-generic 2016/05/16 v1.14 Bundle oberdiek, subset generic (HO)
Package: hobsub 2016/05/16 v1.14 Construct package bundles (HO)
Package: infwarerr 2016/05/16 v1.4 Providing info/warning/error messages (HO)
Package: ltxcmds 2016/05/16 v1.23 LaTeX kernel commands for general use (HO)
Package: ifluatex 2016/05/16 v1.4 Provides the ifluatex switch (HO)
Package ifluatex Info: LuaTeX not detected.
Package: ifvtex 2016/05/16 v1.6 Detect VTeX and its facilities (HO)
Package ifvtex Info: VTeX not detected.
Package: intcalc 2016/05/16 v1.2 Expandable calculations with integers (HO)
Package: ifpdf 2018/09/07 v3.3 Provides the ifpdf switch
Package: etexcmds 2016/05/16 v1.6 Avoid name clashes with e-TeX commands (HO)
Package: kvsetkeys 2016/05/16 v1.17 Key value parser (HO)
Package: kvdefinekeys 2016/05/16 v1.4 Define keys (HO)
Package: pdftexcmds 2019/07/25 v0.30 Utility functions of pdfTeX for LuaTeX (HO
)
Package pdftexcmds Info: LuaTeX not detected.
Package pdftexcmds Info: \pdf@primitive is available.
Package pdftexcmds Info: \pdf@ifprimitive is available.
Package pdftexcmds Info: \pdfdraftmode found.
Package: pdfescape 2016/05/16 v1.14 Implements pdfTeX's escape features (HO)
Package: bigintcalc 2016/05/16 v1.4 Expandable calculations on big integers (HO
)
Package: bitset 2016/05/16 v1.2 Handle bit-vector datatype (HO)
Package: uniquecounter 2016/05/16 v1.3 Provide unlimited unique counter (HO)
)
Package hobsub Info: Skipping package `hobsub' (already loaded).
Package: letltxmacro 2016/05/16 v1.5 Let assignment for LaTeX macros (HO)
Package: hopatch 2016/05/16 v1.3 Wrapper for package hooks (HO)
Package: xcolor-patch 2016/05/16 xcolor patch
Package: atveryend 2016/05/16 v1.9 Hooks at the very end of document (HO)
Package atveryend Info: \enddocument detected (standard20110627).
Package: atbegshi 2016/06/09 v1.18 At begin shipout hook (HO)
Package: refcount 2016/05/16 v3.5 Data extraction from label references (HO)
Package: hycolor 2016/05/16 v1.8 Color options for hyperref/bookmark (HO)
)
(C:\Users\lands101\AppData\Local\Programs\MiKTeX_2.9\tex/generic/ifxetex\ifxete
x.sty
Package: ifxetex 2010/09/12 v0.6 Provides ifxetex conditional
)
(C:\Users\lands101\AppData\Local\Programs\MiKTeX_2.9\tex/latex/oberdiek\auxhook
.sty
Package: auxhook 2016/05/16 v1.4 Hooks for auxiliary files (HO)
)
(C:\Users\lands101\AppData\Local\Programs\MiKTeX_2.9\tex/latex/oberdiek\kvoptio
ns.sty
Package: kvoptions 2016/05/16 v3.12 Key value format for package options (HO)
)
\@linkdim=\dimen104
\Hy@linkcounter=\count96
\Hy@pagecounter=\count97

(C:\Users\lands101\AppData\Local\Programs\MiKTeX_2.9\tex/latex/hyperref\pd1enc.
def
File: pd1enc.def 2019/06/12 v6.88h Hyperref: PDFDocEncoding definition (HO)
Now handling font encoding PD1 ...
... no UTF-8 mapping file for font encoding PD1
)
\Hy@SavedSpaceFactor=\count98

(C:\Users\lands101\AppData\Local\Programs\MiKTeX_2.9\tex/latex/00miktex\hyperre
f.cfg
File: hyperref.cfg 2002/06/06 v1.2 hyperref configuration of TeXLive
)
Package hyperref Info: Hyper figures OFF on input line 4550.
Package hyperref Info: Link nesting OFF on input line 4555.
Package hyperref Info: Hyper index ON on input line 4558.
Package hyperref Info: Plain pages OFF on input line 4565.
Package hyperref Info: Backreferencing OFF on input line 4570.
Package hyperref Info: Implicit mode ON; LaTeX internals redefined.
Package hyperref Info: Bookmarks ON on input line 4803.
\c@Hy@tempcnt=\count99
LaTeX Info: Redefining \url on input line 5156.
\XeTeXLinkMargin=\dimen105
\Fld@menulength=\count100
\Field@Width=\dimen106
\Fld@charsize=\dimen107
Package hyperref Info: Hyper figures OFF on input line 6411.
Package hyperref Info: Link nesting OFF on input line 6416.
Package hyperref Info: Hyper index ON on input line 6419.
Package hyperref Info: backreferencing OFF on input line 6426.
Package hyperref Info: Link coloring OFF on input line 6431.
Package hyperref Info: Link coloring with OCG OFF on input line 6436.
Package hyperref Info: PDF/A mode OFF on input line 6441.
LaTeX Info: Redefining \ref on input line 6481.
LaTeX Info: Redefining \pageref on input line 6485.
\Hy@abspage=\count101
\c@Item=\count102
\c@Hfootnote=\count103
)
Package hyperref Info: Driver (autodetected): hpdftex.

(C:\Users\lands101\AppData\Local\Programs\MiKTeX_2.9\tex/latex/hyperref\hpdftex
.def
File: hpdftex.def 2019/06/12 v6.88h Hyperref driver for pdfTeX
\Fld@listcount=\count104
\c@bookmark@seq@number=\count105

(C:\Users\lands101\AppData\Local\Programs\MiKTeX_2.9\tex/latex/oberdiek\rerunfi
lecheck.sty
Package: rerunfilecheck 2016/05/16 v1.8 Rerun checks for auxiliary files (HO)
Package uniquecounter Info: New unique counter `rerunfilecheck' on input line 2
82.
)
\Hy@SectionHShift=\skip48
)

Package hyperref Warning: Option `hyperindex' has already been used,
(hyperref)                setting the option has no effect on input line 377.

Package hyperref Info: Option `colorlinks' set `true' on input line 377.

Package hyperref Warning: Option `pagebackref' has already been used,
(hyperref)                setting the option has no effect on input line 377.

Package hyperref Info: Option `linktocpage' set `true' on input line 377.
Package hyperref Info: Option `plainpages' set `false' on input line 377.
)
(C:\Users\lands101\AppData\Local\Programs\MiKTeX_2.9\tex/latex/base\makeidx.sty
Package: makeidx 2014/09/29 v1.0m Standard LaTeX package
)
(C:\Users\lands101\AppData\Local\Programs\MiKTeX_2.9\tex/latex/base\inputenc.st
y
Package: inputenc 2018/08/11 v1.3c Input encoding file
\inpenc@prehook=\toks19
\inpenc@posthook=\toks20
)
\@indexfile=\write3
\openout3 = `Rd2.idx'.


Writing index file Rd2.idx
(Rd2.aux)
\openout1 = `Rd2.aux'.

LaTeX Font Info:    Checking defaults for OML/cmm/m/it on input line 8.
LaTeX Font Info:    ... okay on input line 8.
LaTeX Font Info:    Checking defaults for T1/cmr/m/n on input line 8.
LaTeX Font Info:    ... okay on input line 8.
LaTeX Font Info:    Checking defaults for OT1/cmr/m/n on input line 8.
LaTeX Font Info:    ... okay on input line 8.
LaTeX Font Info:    Checking defaults for OMS/cmsy/m/n on input line 8.
LaTeX Font Info:    ... okay on input line 8.
LaTeX Font Info:    Checking defaults for OMX/cmex/m/n on input line 8.
LaTeX Font Info:    ... okay on input line 8.
LaTeX Font Info:    Checking defaults for U/cmr/m/n on input line 8.
LaTeX Font Info:    ... okay on input line 8.
LaTeX Font Info:    Checking defaults for TS1/cmr/m/n on input line 8.
LaTeX Font Info:    Try loading font information for TS1+cmr on input line 8.

(C:\Users\lands101\AppData\Local\Programs\MiKTeX_2.9\tex/latex/base\ts1cmr.fd
File: ts1cmr.fd 2014/09/29 v2.5h Standard LaTeX font definitions
)
LaTeX Font Info:    ... okay on input line 8.
LaTeX Font Info:    Checking defaults for PD1/pdf/m/n on input line 8.
LaTeX Font Info:    ... okay on input line 8.
LaTeX Font Info:    Try loading font information for T1+ptm on input line 8.

(C:\Users\lands101\AppData\Local\Programs\MiKTeX_2.9\tex/latex/psnfss\t1ptm.fd
File: t1ptm.fd 2001/06/04 font definitions for T1/ptm.
)
(C:\Users\lands101\AppData\Local\Programs\MiKTeX_2.9\tex/context/base/mkii\supp
-pdf.mkii
[Loading MPS to PDF converter (version 2006.09.02).]
\scratchcounter=\count106
\scratchdimen=\dimen108
\scratchbox=\box31
\nofMPsegments=\count107
\nofMParguments=\count108
\everyMPshowfont=\toks21
\MPscratchCnt=\count109
\MPscratchDim=\dimen109
\MPnumerator=\count110
\makeMPintoPDFobject=\count111
\everyMPtoPDFconversion=\toks22
)
\AtBeginShipoutBox=\box32
Package hyperref Info: Link coloring ON on input line 8.

(C:\Users\lands101\AppData\Local\Programs\MiKTeX_2.9\tex/latex/hyperref\nameref
.sty
Package: nameref 2016/05/21 v2.44 Cross-referencing by name of section

(C:\Users\lands101\AppData\Local\Programs\MiKTeX_2.9\tex/generic/oberdiek\getti
tlestring.sty
Package: gettitlestring 2016/05/16 v1.5 Cleanup title references (HO)
)
\c@section@level=\count112
)
LaTeX Info: Redefining \ref on input line 8.
LaTeX Info: Redefining \pageref on input line 8.
LaTeX Info: Redefining \nameref on input line 8.
 (Rd2.out) (Rd2.out)
\@outlinefile=\write4
\openout4 = `Rd2.out'.

LaTeX Font Info:    Font shape `T1/ptm/bx/n' in size <24.88> not available
(Font)              Font shape `T1/ptm/b/n' tried instead on input line 9.
LaTeX Font Info:    Font shape `T1/ptm/bx/n' in size <10> not available
(Font)              Font shape `T1/ptm/b/n' tried instead on input line 11.
LaTeX Font Info:    Font shape `T1/ptm/bx/n' in size <20.74> not available
(Font)              Font shape `T1/ptm/b/n' tried instead on input line 11.
LaTeX Font Info:    Try loading font information for T1+zi4 on input line 22.

(C:\Users\lands101\AppData\Local\Programs\MiKTeX_2.9\tex/latex/inconsolata\t1zi
4.fd
File: t1zi4.fd 2018/01/14 T1/zi4 (Inconsolata)
)
LaTeX Font Info:    Font shape `T1/zi4/m/n' will be
(Font)              scaled to size 10.0pt on input line 22.
LaTeX Font Info:    Try loading font information for TS1+ptm on input line 27.

(C:\Users\lands101\AppData\Local\Programs\MiKTeX_2.9\tex/latex/psnfss\ts1ptm.fd
File: ts1ptm.fd 2001/06/04 font definitions for TS1/ptm.
)
LaTeX Font Info:    External font `cmex10' loaded for size
(Font)              <7> on input line 29.
LaTeX Font Info:    External font `cmex10' loaded for size
(Font)              <5> on input line 29.
LaTeX Font Info:    Font shape `T1/ptm/bx/n' in size <14.4> not available
(Font)              Font shape `T1/ptm/b/n' tried instead on input line 37.
LaTeX Font Info:    Try loading font information for T1+phv on input line 37.

(C:\Users\lands101\AppData\Local\Programs\MiKTeX_2.9\tex/latex/psnfss\t1phv.fd
File: t1phv.fd 2001/06/04 scalable font definitions for T1/phv.
) (Rd2.toc [1


{C:/Users/lands101/AppData/Local/MiKTeX/2.9/pdftex/config/pdftex.map}])
\tf@toc=\write5
\openout5 = `Rd2.toc'.

 [2]
LaTeX Font Info:    Font shape `T1/zi4/m/n' will be
(Font)              scaled to size 9.0pt on input line 104.
LaTeX Font Info:    Try loading font information for TS1+zi4 on input line 106.


(C:\Users\lands101\AppData\Local\Programs\MiKTeX_2.9\tex/latex/inconsolata\ts1z
i4.fd
File: ts1zi4.fd 2018/01/14 TS1/zi4 (Inconsolata)
)
LaTeX Font Info:    Font shape `TS1/zi4/m/n' will be
(Font)              scaled to size 9.0pt on input line 106.
 [3] [4] [5] [6] [7]
Overfull \hbox (104.3147pt too wide) in paragraph at lines 407--412
[]\T1/ptm/m/n/10 The func-tion uses an op-ti-miza-tion al-go-rithm from the nlo
pt li-brary (https://nlopt.readthedocs.io/en/latest/NLopt_Algorithms/):
 []


Overfull \hbox (5.3965pt too wide) in paragraph at lines 442--445
[]\T1/ptm/m/n/10 Dieter Kraft, "A soft-ware pack-age for se-quen-tial quadratic
 pro-gram-ming", Tech-ni-cal Re-port DFVLR-
 []

[8] [9]
Overfull \hbox (5.3965pt too wide) in paragraph at lines 592--595
[]\T1/ptm/m/n/10 Dieter Kraft, "A soft-ware pack-age for se-quen-tial quadratic
 pro-gram-ming", Tech-ni-cal Re-port DFVLR-
 []

[10]
Overfull \hbox (42.76555pt too wide) in paragraph at lines 638--638
 []\T1/zi4/m/n/9 curve(dgamma(x, shape=parameters.d1[\TS1/zi4/m/n/9 '\T1/zi4/m/
n/9 shape\TS1/zi4/m/n/9 '\T1/zi4/m/n/9 ], rate=parameters.d1[\TS1/zi4/m/n/9 '\T
1/zi4/m/n/9 rate\TS1/zi4/m/n/9 '\T1/zi4/m/n/9 ]), from=0, to=16, add=TRUE)[] 
 []


Underfull \vbox (badness 10000) has occurred while \output is active []

 [11]
[12] [13]
Overfull \hbox (11.26555pt too wide) in paragraph at lines 818--818
 []\T1/zi4/m/n/9 colnames(out) = names(nomogram(prob.pre.test=prev, probs.post.
test=c(.95, .05), plot=FALSE))[] 
 []

[14] [15] [16]
Overfull \hbox (12.29073pt too wide) in paragraph at lines 983--986
\T1/ptm/m/n/10 19:242-51. [][]$\T1/zi4/m/n/10 https : / / research . fhcrc . or
g / diagnostic-[]biomarkers-[]center / en / datasets . html$[][]
 []


Overfull \hbox (3.60774pt too wide) in paragraph at lines 1021--1023
[]\T1/ptm/m/n/10 The de-ci-sion thresh-old of a di-chotomiza-tion method, or th
e lower de-ci-sion thresh-
 []

[17]
Overfull \hbox (55.08621pt too wide) in paragraph at lines 1095--1097
[]\T1/ptm/m/n/10 prevalence: Pro-por-tion of clas-si-fi-able pa-tients with the
 tar-geted con-di-tion = (TP+FN)/(TN+FP+FN+TP) 
 []

[18]
Overfull \hbox (29.58826pt too wide) in paragraph at lines 1167--1171
[]\T1/ptm/m/n/10 (default = NULL). When NULL, the in-ter-sec-tion is cal-cu-lat
ed with \T1/zi4/m/n/10 get.intersection\T1/ptm/m/n/10 ,
 []

[19] [20]
Overfull \hbox (59.52585pt too wide) in paragraph at lines 1248--1250
[]\T1/ptm/m/n/10 prevalence: Clas-si-fi-able pa-tients with the tar-geted con-d
i-tion / To-tal sam-ple = (TP+FN)/(TN+FP+FN+TP) 
 []

[21]
Overfull \hbox (33.09036pt too wide) in paragraph at lines 1303--1303
 []  \T1/zi4/m/n/10 decision.use = c("standardized.pv", "posttest.probability",
 "LR", "predictive.value"),[] 
 []

[22]
Overfull \hbox (6.80804pt too wide) in paragraph at lines 1376--1386
[]\T1/ptm/m/n/10 (default = c(NULL, NULL)). For use in com-par-isons, when pre-
s-e-lected.thresholds
 []


Overfull \hbox (0.22755pt too wide) in paragraph at lines 1376--1386
\T1/ptm/m/n/10 the higher scores are used for pos-i-tive de-ci-sions. When pre-
s-e-lected.thresholds[2]
 []

[23] [24]
Overfull \hbox (58.59685pt too wide) in paragraph at lines 1545--1550
\T1/ptm/m/n/10 prone test scores. Alzheimer Dis-ease and As-so-ci-ated Dis-or-d
ers. https://doi.org/10.1097/WAD.0000000000000365 
 []

[25]
Overfull \hbox (58.59685pt too wide) in paragraph at lines 1621--1626
\T1/ptm/m/n/10 prone test scores. Alzheimer Dis-ease and As-so-ci-ated Dis-or-d
ers. https://doi.org/10.1097/WAD.0000000000000365 
 []

[26] [27] [28]
Overfull \hbox (35.65971pt too wide) in paragraph at lines 1784--1788
\T1/ptm/m/n/10 Med-i-cal De-ci-sion Mak-ing 8, 204-215 [][]$\T1/zi4/m/n/10 http
s : / / research . fhcrc . org / diagnostic-[]biomarkers-[]center /
 []

[29]
Overfull \hbox (104.3147pt too wide) in paragraph at lines 1863--1868
[]\T1/ptm/m/n/10 The func-tion uses an op-ti-miza-tion al-go-rithm from the nlo
pt li-brary (https://nlopt.readthedocs.io/en/latest/NLopt_Algorithms/):
 []

[30]
Overfull \hbox (5.3965pt too wide) in paragraph at lines 1899--1902
[]\T1/ptm/m/n/10 Dieter Kraft, "A soft-ware pack-age for se-quen-tial quadratic
 pro-gram-ming", Tech-ni-cal Re-port DFVLR-
 []

[31]
Overfull \hbox (27.08766pt too wide) in paragraph at lines 1970--1974
[]\T1/ptm/m/n/10 (default = NULL) When NULL, the in-ter-sec-tion is cal-cu-late
d with \T1/zi4/m/n/10 get.intersection\T1/ptm/m/n/10 ,
 []

[32] [33] [34]
LaTeX Font Info:    Font shape `TS1/zi4/m/n' will be
(Font)              scaled to size 10.0pt on input line 2156.
 [35] [36] [37]
Overfull \hbox (22.58801pt too wide) in paragraph at lines 2339--2342
[]\T1/ptm/m/n/10 Youden, W. J. (1950). In-dex for rat-ing di-ag-nos-tic tests. 
Can-cer, 3(1), 32-35. https://doi.org/10.1002/1097-
 []

[38] (Rd2.ind [39]
LaTeX Font Info:    Font shape `T1/ptm/bx/n' in size <12> not available
(Font)              Font shape `T1/ptm/b/n' tried instead on input line 3.
 [40


])
Package atveryend Info: Empty hook `BeforeClearDocument' on input line 2456.
Package atveryend Info: Empty hook `AfterLastShipout' on input line 2456.
 (Rd2.aux)
Package atveryend Info: Executing hook `AtVeryEndDocument' on input line 2456.
Package atveryend Info: Executing hook `AtEndAfterFileList' on input line 2456.

Package rerunfilecheck Info: File `Rd2.out' has not changed.
(rerunfilecheck)             Checksum: D9AA75B8F9AAB0AD6BA91FE4FE8A4E00;1102.
Package atveryend Info: Empty hook `AtVeryVeryEnd' on input line 2456.
 ) 
Here is how much of TeX's memory you used:
 6528 strings out of 492895
 96501 string characters out of 3122334
 180530 words of memory out of 3000000
 10149 multiletter control sequences out of 15000+200000
 41584 words of font info for 52 fonts, out of 3000000 for 9000
 1141 hyphenation exceptions out of 8191
 38i,6n,36p,330b,592s stack positions out of 5000i,500n,10000p,200000b,50000s
pdfTeX warning (dest): name{Rfn.density} has been referenced but does not exi
st, replaced by a fixed one

{C:/Users/lands101/AppData/Local/Programs/MiKTeX_2.9/fonts/enc/dvips/inconsolat
a/i4-ts1.enc}{C:/Users/lands101/AppData/Local/Programs/MiKTeX_2.9/fonts/enc/dvi
ps/base/8r.enc}{C:/Users/lands101/AppData/Local/Programs/MiKTeX_2.9/fonts/enc/d
vips/inconsolata/i4-t1-0.enc}<C:/Users/lands101/AppData/Local/Programs/MiKTeX_2
.9/fonts/type1/public/inconsolata/Inconsolata-zi4r.pfb><C:/Users/lands101/AppDa
ta/Local/Programs/MiKTeX_2.9/fonts/type1/public/amsfonts/cm/cmex10.pfb><C:/User
s/lands101/AppData/Local/Programs/MiKTeX_2.9/fonts/type1/public/amsfonts/cm/cmm
i10.pfb><C:/Users/lands101/AppData/Local/Programs/MiKTeX_2.9/fonts/type1/public
/amsfonts/cm/cmmi7.pfb><C:/Users/lands101/AppData/Local/Programs/MiKTeX_2.9/fon
ts/type1/public/amsfonts/cm/cmr10.pfb><C:/Users/lands101/AppData/Local/Programs
/MiKTeX_2.9/fonts/type1/public/amsfonts/cm/cmr7.pfb><C:/Users/lands101/AppData/
Local/Programs/MiKTeX_2.9/fonts/type1/public/amsfonts/cm/cmsy10.pfb><C:/Users/l
ands101/AppData/Local/Programs/MiKTeX_2.9/fonts/type1/public/amsfonts/cm/cmsy7.
pfb><C:/Users/lands101/AppData/Local/Programs/MiKTeX_2.9/fonts/type1/urw/helvet
ic/uhvr8a.pfb><C:/Users/lands101/AppData/Local/Programs/MiKTeX_2.9/fonts/type1/
urw/times/utmb8a.pfb><C:/Users/lands101/AppData/Local/Programs/MiKTeX_2.9/fonts
/type1/urw/times/utmr8a.pfb><C:/Users/lands101/AppData/Local/Programs/MiKTeX_2.
9/fonts/type1/urw/times/utmr8a.pfb><C:/Users/lands101/AppData/Local/Programs/Mi
KTeX_2.9/fonts/type1/urw/times/utmri8a.pfb>
Output written on Rd2.pdf (40 pages, 300194 bytes).
PDF statistics:
 600 PDF objects out of 1000 (max. 8388607)
 201 named destinations out of 1000 (max. 500000)
 161 words of extra memory for PDF output out of 10000 (max. 10000000)

